  PROCESS_FYGQ.cpp
..\process\PROCESS_FYGQ.cpp(112): warning C4244: “初始化”: 从“double”转换到“float”，可能丢失数据
..\process\PROCESS_FYGQ.cpp(113): warning C4244: “初始化”: 从“double”转换到“float”，可能丢失数据
..\process\PROCESS_FYGQ.cpp(119): warning C4018: “<”: 有符号/无符号不匹配
..\process\PROCESS_FYGQ.cpp(120): warning C4018: “<”: 有符号/无符号不匹配
..\process\PROCESS_FYGQ.cpp(146): warning C4244: “参数”: 从“double”转换到“int”，可能丢失数据
..\process\PROCESS_FYGQ.cpp(186): warning C4244: “参数”: 从“int”转换到“float”，可能丢失数据
..\process\PROCESS_FYGQ.cpp(187): warning C4244: “参数”: 从“double”转换到“float”，可能丢失数据
..\process\PROCESS_FYGQ.cpp(188): warning C4244: “参数”: 从“int”转换到“float”，可能丢失数据
..\process\PROCESS_FYGQ.cpp(201): warning C4244: “参数”: 从“int”转换到“float”，可能丢失数据
..\process\PROCESS_FYGQ.cpp(202): warning C4244: “参数”: 从“double”转换到“float”，可能丢失数据
..\process\PROCESS_FYGQ.cpp(203): warning C4244: “参数”: 从“int”转换到“float”，可能丢失数据
..\process\PROCESS_FYGQ.cpp(222): warning C4244: “参数”: 从“int”转换到“float”，可能丢失数据
..\process\PROCESS_FYGQ.cpp(332): warning C4244: “参数”: 从“double”转换到“int”，可能丢失数据
  PROCESS_MAIN.cpp
  正在生成代码
  59 of 483 functions (12.2%) were compiled, the rest were copied from previous compilation.
    0 functions were new in current compilation
    30 functions had inline decision re-evaluated but remain unchanged
  已完成代码的生成
  OF_ZSXL.vcxproj -> E:\SIMIT\2020_new_project\zsxl\OF_ZSXL\Release\OF_ZSXL.exe
  OF_ZSXL.vcxproj -> E:\SIMIT\2020_new_project\zsxl\OF_ZSXL\Release\OF_ZSXL.pdb (Full PDB)
